<?xml version="1.0" encoding="UTF-8"?>
<testng-results ignored="0" total="1" passed="1" failed="0" skipped="0">
  <reporter-output>
  </reporter-output>
  <suite started-at="2024-08-22T16:54:47 ICT" name="Default suite" finished-at="2024-08-22T16:55:02 ICT" duration-ms="14148">
    <groups>
    </groups>
    <test started-at="2024-08-22T16:54:47 ICT" name="Default test" finished-at="2024-08-22T16:55:02 ICT" duration-ms="14148">
      <class name="test.SearchTest">
        <test-method is-config="true" signature="setup()[pri:0, instance:test.SearchTest@59309333]" started-at="2024-08-22T16:54:47 ICT" name="setup" finished-at="2024-08-22T16:54:56 ICT" duration-ms="8411" status="PASS">
          <reporter-output>
          </reporter-output>
        </test-method> <!-- setup -->
        <test-method signature="viewProductDetailAfterSearch()[pri:0, instance:test.SearchTest@59309333]" started-at="2024-08-22T16:54:56 ICT" name="viewProductDetailAfterSearch" finished-at="2024-08-22T16:55:01 ICT" duration-ms="5492" status="PASS">
          <reporter-output>
          </reporter-output>
        </test-method> <!-- viewProductDetailAfterSearch -->
        <test-method is-config="true" signature="teardown()[pri:0, instance:test.SearchTest@59309333]" started-at="2024-08-22T16:55:01 ICT" name="teardown" finished-at="2024-08-22T16:55:02 ICT" duration-ms="220" status="PASS">
          <reporter-output>
          </reporter-output>
        </test-method> <!-- teardown -->
      </class> <!-- test.SearchTest -->
    </test> <!-- Default test -->
  </suite> <!-- Default suite -->
</testng-results>
