<?xml version="1.0" encoding="UTF-8"?>
<testng-results ignored="0" total="1" passed="1" failed="0" skipped="0">
  <reporter-output>
  </reporter-output>
  <suite started-at="2024-08-25T19:02:49 ICT" name="Default suite" finished-at="2024-08-25T19:02:56 ICT" duration-ms="7625">
    <groups>
    </groups>
    <test started-at="2024-08-25T19:02:49 ICT" name="Default test" finished-at="2024-08-25T19:02:56 ICT" duration-ms="7625">
      <class name="SearchFunctionality.SearchTest">
        <test-method is-config="true" signature="setup(java.lang.reflect.Method)[pri:0, instance:SearchFunctionality.SearchTest@5e0826e7]" started-at="2024-08-25T19:02:49 ICT" name="setup" finished-at="2024-08-25T19:02:53 ICT" duration-ms="3964" status="PASS">
          <params>
            <param index="0">
              <value>
                <![CDATA[public void SearchFunctionality.SearchTest.viewProductDetailAfterSearch()]]>
              </value>
            </param>
          </params>
          <reporter-output>
          </reporter-output>
        </test-method> <!-- setup -->
        <test-method signature="viewProductDetailAfterSearch()[pri:0, instance:SearchFunctionality.SearchTest@5e0826e7]" started-at="2024-08-25T19:02:53 ICT" name="viewProductDetailAfterSearch" finished-at="2024-08-25T19:02:56 ICT" duration-ms="3435" status="PASS">
          <reporter-output>
          </reporter-output>
        </test-method> <!-- viewProductDetailAfterSearch -->
        <test-method is-config="true" signature="teardown()[pri:0, instance:SearchFunctionality.SearchTest@5e0826e7]" started-at="2024-08-25T19:02:56 ICT" name="teardown" finished-at="2024-08-25T19:02:56 ICT" duration-ms="201" status="PASS">
          <reporter-output>
          </reporter-output>
        </test-method> <!-- teardown -->
      </class> <!-- SearchFunctionality.SearchTest -->
    </test> <!-- Default test -->
  </suite> <!-- Default suite -->
</testng-results>
